2018-12-04 15:50:41,869 INFO  [Log] Opening Browser 
2018-12-04 15:51:13,765 INFO  [Log] Entering the text 05050339 
2018-12-04 15:51:16,099 INFO  [Log] Entering the text Titp42017! 
2018-12-04 15:51:18,384 INFO  [Log] clicked 
2018-12-04 15:51:52,369 INFO  [Log] clicked 
2018-12-04 15:54:53,828 INFO  [Log] Opening Browser 
2018-12-04 15:55:13,238 INFO  [Log] Entering the text 05050339 
2018-12-04 15:55:15,519 INFO  [Log] Entering the text Titp42017! 
2018-12-04 15:55:17,774 INFO  [Log] clicked 
2018-12-04 15:55:49,680 INFO  [Log] clicked 
2018-12-04 15:56:09,535 INFO  [Log] Entering the text 05017764 
2018-12-04 15:56:11,977 INFO  [Log] Entering the text Titp42017! 
2018-12-04 15:56:14,130 INFO  [Log] clicked 
2018-12-04 15:56:33,466 INFO  [Log] clicked 
2018-12-04 16:01:34,827 INFO  [Log] Opening Browser 
2018-12-04 16:01:58,774 INFO  [Log] Entering the text 05050339 
2018-12-04 16:02:01,088 INFO  [Log] Entering the text Titp42017! 
2018-12-04 16:02:03,353 INFO  [Log] clicked 
2018-12-04 16:02:59,140 INFO  [Log] clicked 
2018-12-04 16:03:16,628 INFO  [Log] Entering the text 05017764 
2018-12-04 16:03:18,823 INFO  [Log] Entering the text Titp42017! 
2018-12-04 16:03:20,973 INFO  [Log] clicked 
2018-12-04 16:03:48,021 INFO  [Log] clicked 
2018-12-04 16:06:25,579 INFO  [Log] Opening Browser 
2018-12-04 16:06:44,006 INFO  [Log] Entering the text 05050339 
2018-12-04 16:06:46,419 INFO  [Log] Entering the text Titp42017! 
2018-12-04 16:06:48,676 INFO  [Log] clicked 
2018-12-04 16:07:23,655 INFO  [Log] clicked 
2018-12-04 16:07:38,773 INFO  [Log] Entering the text 05017764 
2018-12-04 16:07:40,981 INFO  [Log] Entering the text Titp42017! 
2018-12-04 16:07:43,134 INFO  [Log] clicked 
2018-12-04 16:08:01,642 INFO  [Log] clicked 
2018-12-04 16:31:39,614 INFO  [Log] Opening Browser 
2018-12-04 16:31:56,359 INFO  [Log] Entering the text 05050339 
2018-12-04 16:31:58,662 INFO  [Log] Entering the text Titp42017! 
2018-12-04 16:32:00,934 INFO  [Log] clicked 
2018-12-04 16:32:40,301 INFO  [Log] clicked 
2018-12-04 16:33:01,005 INFO  [Log] Entering the text 05017764 
2018-12-04 16:33:03,191 INFO  [Log] Entering the text Titp42017! 
2018-12-04 16:33:05,359 INFO  [Log] clicked 
2018-12-04 16:33:27,489 INFO  [Log] clicked 
2018-12-04 16:34:59,754 INFO  [Log] Opening Browser 
2018-12-04 16:35:14,573 INFO  [Log] Entering the text 05050339 
2018-12-04 16:35:16,830 INFO  [Log] Entering the text Titp42017! 
2018-12-04 16:35:19,078 INFO  [Log] clicked 
2018-12-04 16:35:47,162 INFO  [Log] clicked 
2018-12-04 16:36:05,300 INFO  [Log] Entering the text 05017764 
2018-12-04 16:36:07,519 INFO  [Log] Entering the text Titp42017! 
2018-12-04 16:36:09,654 INFO  [Log] clicked 
2018-12-04 16:36:37,340 INFO  [Log] clicked 
2018-12-04 16:38:34,473 INFO  [Log] Opening Browser 
2018-12-04 16:38:52,879 INFO  [Log] Entering the text 05050339 
2018-12-04 16:38:55,121 INFO  [Log] Entering the text Titp42017! 
2018-12-04 16:38:57,402 INFO  [Log] clicked 
2018-12-04 16:39:31,999 INFO  [Log] clicked 
2018-12-04 16:39:51,124 INFO  [Log] Entering the text 05017764 
2018-12-04 16:39:53,344 INFO  [Log] Entering the text Titp42017! 
2018-12-04 16:39:55,524 INFO  [Log] clicked 
2018-12-04 16:40:45,702 INFO  [Log] clicked 
2018-12-04 16:46:37,380 INFO  [Log] Opening Browser 
2018-12-04 16:46:51,218 INFO  [Log] Entering the text 05050339 
2018-12-04 16:46:53,504 INFO  [Log] Entering the text Titp42017! 
2018-12-04 16:46:55,756 INFO  [Log] clicked 
2018-12-04 16:47:23,832 INFO  [Log] clicked 
2018-12-04 16:47:43,148 INFO  [Log] Entering the text 05017764 
2018-12-04 16:47:45,350 INFO  [Log] Entering the text Titp42017! 
2018-12-04 16:47:47,498 INFO  [Log] clicked 
2018-12-04 16:48:09,758 INFO  [Log] clicked 
2018-12-04 16:53:17,372 INFO  [Log] Opening Browser 
2018-12-04 16:53:35,580 INFO  [Log] Entering the text 05050339 
2018-12-04 16:53:37,931 INFO  [Log] Entering the text Titp42017! 
2018-12-04 16:53:40,196 INFO  [Log] clicked 
2018-12-04 16:54:15,261 INFO  [Log] clicked 
2018-12-04 16:54:33,864 INFO  [Log] Entering the text 05017764 
2018-12-04 16:54:36,039 INFO  [Log] Entering the text Titp42017! 
2018-12-04 16:54:38,175 INFO  [Log] clicked 
2018-12-04 16:55:00,831 INFO  [Log] clicked 
2018-12-04 16:57:11,648 INFO  [Log] Opening Browser 
2018-12-04 16:57:28,310 INFO  [Log] Entering the text 05050339 
2018-12-04 16:57:30,726 INFO  [Log] Entering the text Titp42017! 
2018-12-04 16:57:33,004 INFO  [Log] clicked 
2018-12-04 16:58:04,707 INFO  [Log] Opening Browser 
2018-12-04 16:58:20,486 INFO  [Log] Entering the text 05050339 
2018-12-04 16:58:22,984 INFO  [Log] Entering the text Titp42017! 
2018-12-04 16:58:25,259 INFO  [Log] clicked 
2018-12-04 16:58:52,590 INFO  [Log] clicked 
2018-12-04 16:58:54,922 INFO  [Log] Opening Browser 
2018-12-04 16:59:09,269 INFO  [Log] Entering the text 05017764 
2018-12-04 16:59:11,495 INFO  [Log] Entering the text Titp42017! 
2018-12-04 16:59:13,766 INFO  [Log] clicked 
2018-12-04 17:00:02,805 INFO  [Log] clicked 
2018-12-04 17:21:20,912 INFO  [Log] Opening Browser 
2018-12-04 17:21:40,351 INFO  [Log] Entering the text 05050339 
2018-12-04 17:21:42,624 INFO  [Log] Entering the text Titp42017! 
2018-12-04 17:21:44,888 INFO  [Log] clicked 
2018-12-04 17:22:23,575 INFO  [Log] Opening Browser 
2018-12-04 17:22:39,213 INFO  [Log] Entering the text 05017764 
2018-12-04 17:22:41,443 INFO  [Log] Entering the text Titp42017! 
2018-12-04 17:22:43,664 INFO  [Log] clicked 
2018-12-04 17:23:19,670 INFO  [Log] clicked 
2018-12-04 17:30:30,908 INFO  [Log] Opening Browser 
2018-12-04 17:30:57,441 INFO  [Log] Entering the text 05050339 
2018-12-04 17:31:00,037 INFO  [Log] Entering the text Titp42017! 
2018-12-04 17:31:02,388 INFO  [Log] clicked 
2018-12-04 17:31:33,516 INFO  [Log] Opening Browser 
2018-12-04 17:31:52,278 INFO  [Log] Entering the text 05017764 
2018-12-04 17:31:54,513 INFO  [Log] Entering the text Titp42017! 
2018-12-04 17:31:56,762 INFO  [Log] clicked 
2018-12-04 17:32:35,623 INFO  [Log] clicked 
2018-12-04 17:35:14,335 INFO  [Log] Opening Browser 
2018-12-04 17:35:28,159 INFO  [Log] Entering the text 05050339 
2018-12-04 17:35:30,498 INFO  [Log] Entering the text Titp42017! 
2018-12-04 17:35:32,768 INFO  [Log] clicked 
2018-12-04 17:36:03,268 INFO  [Log] Opening Browser 
2018-12-04 17:36:14,660 INFO  [Log] Entering the text 05017764 
2018-12-04 17:36:16,996 INFO  [Log] Entering the text Titp42017! 
2018-12-04 17:36:19,365 INFO  [Log] clicked 
2018-12-04 17:37:03,792 INFO  [Log] clicked 
2018-12-04 17:57:23,472 INFO  [Log] Opening Browser 
2018-12-04 17:57:36,325 INFO  [Log] Entering the text 05050339 
2018-12-04 17:57:38,708 INFO  [Log] Entering the text Titp42017! 
2018-12-04 17:57:41,022 INFO  [Log] clicked 
2018-12-04 17:58:19,660 INFO  [Log] Opening Browser 
2018-12-04 17:58:39,532 INFO  [Log] Entering the text 05017764 
2018-12-04 17:58:41,740 INFO  [Log] Entering the text Titp42017! 
2018-12-04 17:58:43,995 INFO  [Log] clicked 
2018-12-04 17:59:27,432 INFO  [Log] clicked 
2018-12-04 18:05:37,285 INFO  [Log] Opening Browser 
2018-12-04 18:05:50,216 INFO  [Log] Entering the text 05050339 
2018-12-04 18:05:52,435 INFO  [Log] Entering the text Titp42017! 
2018-12-04 18:05:54,803 INFO  [Log] clicked 
2018-12-04 18:06:28,517 INFO  [Log] Opening Browser 
2018-12-04 18:06:41,103 INFO  [Log] Entering the text 05017764 
2018-12-04 18:06:43,320 INFO  [Log] Entering the text Titp42017! 
2018-12-04 18:06:45,562 INFO  [Log] clicked 
2018-12-04 18:07:44,832 INFO  [Log] clicked 
2018-12-04 18:09:23,903 INFO  [Log] Opening Browser 
2018-12-04 18:09:37,749 INFO  [Log] Entering the text 05050339 
2018-12-04 18:09:40,090 INFO  [Log] Entering the text Titp42017! 
2018-12-04 18:09:42,337 INFO  [Log] clicked 
2018-12-04 18:10:12,800 INFO  [Log] Opening Browser 
2018-12-04 18:10:24,559 INFO  [Log] Entering the text 05017764 
2018-12-04 18:10:26,783 INFO  [Log] Entering the text Titp42017! 
2018-12-04 18:10:29,075 INFO  [Log] clicked 
2018-12-04 18:11:13,847 INFO  [Log] clicked 
2018-12-04 18:13:49,954 INFO  [Log] Opening Browser 
2018-12-04 18:14:06,053 INFO  [Log] Entering the text 05050339 
2018-12-04 18:14:08,391 INFO  [Log] Entering the text Titp42017! 
2018-12-04 18:14:10,605 INFO  [Log] clicked 
2018-12-04 18:15:00,268 INFO  [Log] Opening Browser 
2018-12-04 18:15:16,468 INFO  [Log] Entering the text 05017764 
2018-12-04 18:15:18,695 INFO  [Log] Entering the text Titp42017! 
2018-12-04 18:15:20,935 INFO  [Log] clicked 
2018-12-04 18:16:06,973 INFO  [Log] clicked 
2018-12-04 19:12:14,201 INFO  [Log] Opening Browser 
2018-12-04 19:12:27,033 INFO  [Log] Entering the text 05050339 
2018-12-04 19:12:29,373 INFO  [Log] Entering the text Titp42017! 
2018-12-04 19:12:31,729 INFO  [Log] clicked 
2018-12-04 19:13:16,445 INFO  [Log] Opening Browser 
2018-12-04 19:13:31,013 INFO  [Log] Entering the text 05017764 
2018-12-04 19:13:33,253 INFO  [Log] Entering the text Titp42017! 
2018-12-04 19:13:35,465 INFO  [Log] clicked 
2018-12-04 19:14:12,919 INFO  [Log] clicked 
2018-12-04 19:25:24,262 INFO  [Log] Opening Browser 
2018-12-04 19:25:44,157 INFO  [Log] Entering the text 05050339 
2018-12-04 19:25:46,518 INFO  [Log] Entering the text Titp42017! 
2018-12-04 19:25:48,906 INFO  [Log] Click on Loginclicked 
2018-12-04 19:26:25,444 INFO  [Log] Opening Browser 
2018-12-04 19:26:37,057 INFO  [Log] Entering the text 05017764 
2018-12-04 19:26:39,392 INFO  [Log] Entering the text Titp42017! 
2018-12-04 19:26:41,712 INFO  [Log] Click on Loginclicked 
2018-12-04 19:27:19,696 INFO  [Log] Click on Edit caseclicked 
2018-12-04 19:28:36,428 INFO  [Log] Opening Browser 
2018-12-04 19:28:49,853 INFO  [Log] Entering the text 05050339 
2018-12-04 19:28:52,207 INFO  [Log] Entering the text Titp42017! 
2018-12-04 19:28:54,573 INFO  [Log] Click on Loginclicked 
2018-12-04 19:29:30,332 INFO  [Log] Opening Browser 
2018-12-04 19:29:39,942 INFO  [Log] Entering the text 05017764 
2018-12-04 19:29:42,199 INFO  [Log] Entering the text Titp42017! 
2018-12-04 19:29:44,486 INFO  [Log] Click on Loginclicked 
2018-12-04 19:30:17,954 INFO  [Log] Click on Edit caseclicked 
2018-12-04 19:30:20,438 INFO  [Log] Opening Browser 
2018-12-04 19:30:34,036 INFO  [Log] Opening Browser 
2018-12-04 19:30:47,887 INFO  [Log] Entering the text 05050339 
2018-12-04 19:30:50,131 INFO  [Log] Entering the text Titp42017! 
2018-12-04 19:30:52,359 INFO  [Log] Click on Loginclicked 
2018-12-04 19:31:18,350 INFO  [Log] Opening Browser 
2018-12-04 19:31:35,717 INFO  [Log] Entering the text 05017764 
2018-12-04 19:31:37,921 INFO  [Log] Entering the text Titp42017! 
2018-12-04 19:31:40,155 INFO  [Log] Click on Loginclicked 
2018-12-04 19:32:20,737 INFO  [Log] Click on Edit caseclicked 
2018-12-04 19:40:42,118 INFO  [Log] Opening Browser 
2018-12-04 19:40:58,035 INFO  [Log] Entering the text 05050339 
2018-12-04 19:41:00,306 INFO  [Log] Entering the text Titp42017! 
2018-12-04 19:41:02,574 INFO  [Log] Click on Loginclicked 
2018-12-04 19:41:30,844 INFO  [Log] Opening Browser 
2018-12-04 19:41:42,024 INFO  [Log] Entering the text 05017764 
2018-12-04 19:41:44,283 INFO  [Log] Entering the text Titp42017! 
2018-12-04 19:41:46,581 INFO  [Log] Click on Loginclicked 
2018-12-04 19:42:28,379 INFO  [Log] Click on Edit caseclicked 
2018-12-04 19:42:30,724 INFO  [Log] Opening Browser 
2018-12-04 19:42:43,131 INFO  [Log] Opening Browser 
2018-12-04 19:42:54,849 INFO  [Log] Entering the text 05050339 
2018-12-04 19:42:57,087 INFO  [Log] Entering the text Titp42017! 
2018-12-04 19:42:59,283 INFO  [Log] Click on Loginclicked 
2018-12-04 19:43:33,881 INFO  [Log] Opening Browser 
2018-12-04 19:43:46,263 INFO  [Log] Entering the text 05017764 
2018-12-04 19:43:48,515 INFO  [Log] Entering the text Titp42017! 
2018-12-04 19:43:50,743 INFO  [Log] Click on Loginclicked 
2018-12-04 19:44:29,594 INFO  [Log] Click on Edit caseclicked 
2018-12-04 20:03:00,744 INFO  [Log] Opening Browser 
2018-12-04 20:03:14,251 INFO  [Log] Entering the text 05050339 
2018-12-04 20:03:16,445 INFO  [Log] Entering the text Titp42017! 
2018-12-04 20:03:18,655 INFO  [Log] Click on Loginclicked 
2018-12-04 20:04:13,392 INFO  [Log] Opening Browser 
2018-12-05 11:25:16,881 INFO  [Log] Opening Browser 
2018-12-05 11:25:48,931 INFO  [Log] Entering the text 05050339 
2018-12-05 11:25:51,300 INFO  [Log] Entering the text Titp42017! 
2018-12-05 11:25:53,582 INFO  [Log] Click on Loginclicked 
2018-12-05 11:27:52,240 INFO  [Log] Opening Browser 
2018-12-05 11:28:08,585 INFO  [Log] Entering the text 05017764 
2018-12-05 11:28:10,800 INFO  [Log] Entering the text Titp42017! 
2018-12-05 11:28:13,072 INFO  [Log] Click on Loginclicked 
2018-12-05 11:29:09,843 INFO  [Log] Click on Edit caseclicked 
2018-12-05 11:29:15,002 INFO  [Log] Opening Browser 
2018-12-05 11:29:43,747 INFO  [Log] Opening Browser 
2018-12-05 11:29:59,798 INFO  [Log] Entering the text 05050339 
2018-12-05 11:30:01,977 INFO  [Log] Entering the text Titp42017! 
2018-12-05 11:30:04,450 INFO  [Log] Click on Loginclicked 
2018-12-05 11:30:36,261 INFO  [Log] Opening Browser 
2018-12-05 11:30:51,541 INFO  [Log] Entering the text 05017764 
2018-12-05 11:30:53,740 INFO  [Log] Entering the text Titp42017! 
2018-12-05 11:30:55,950 INFO  [Log] Click on Loginclicked 
2018-12-05 11:31:44,297 INFO  [Log] Click on Edit caseclicked 
2018-12-11 18:09:13,911 INFO  [Log] Opening Browser 
2018-12-11 18:09:27,310 INFO  [Log] Entering the text 05050339 
2018-12-11 18:09:29,656 INFO  [Log] Entering the text Titp42017! 
2018-12-11 18:09:31,941 INFO  [Log] Click on Loginclicked 
2018-12-11 18:10:05,933 INFO  [Log] Opening Browser 
2018-12-11 18:10:15,896 INFO  [Log] Entering the text 05017764 
2018-12-11 18:10:18,188 INFO  [Log] Entering the text Titp42017! 
2018-12-11 18:10:20,406 INFO  [Log] Click on Loginclicked 
2018-12-11 18:10:45,257 INFO  [Log] Click on Edit caseclicked 
2018-12-11 18:10:50,541 INFO  [Log] Opening Browser 
2018-12-11 18:11:02,604 INFO  [Log] Opening Browser 
2018-12-11 18:11:13,394 INFO  [Log] Entering the text 05050339 
2018-12-11 18:11:15,624 INFO  [Log] Entering the text Titp42017! 
2018-12-11 18:11:17,980 INFO  [Log] Click on Loginclicked 
2018-12-11 18:11:47,747 INFO  [Log] Opening Browser 
2018-12-11 18:11:58,108 INFO  [Log] Entering the text 05017764 
2018-12-11 18:12:00,295 INFO  [Log] Entering the text Titp42017! 
2018-12-11 18:12:02,502 INFO  [Log] Click on Loginclicked 
2018-12-11 18:12:35,240 INFO  [Log] Click on Edit caseclicked 
2018-12-11 18:18:10,285 INFO  [Log] Opening Browser 
2018-12-11 18:18:23,829 INFO  [Log] Entering the text 05050339 
2018-12-11 18:18:26,084 INFO  [Log] Entering the text Titp42017! 
2018-12-11 18:18:28,358 INFO  [Log] Click on Loginclicked 
2018-12-11 18:18:55,952 INFO  [Log] Opening Browser 
2018-12-11 18:19:06,523 INFO  [Log] Entering the text 05017764 
2018-12-11 18:19:08,810 INFO  [Log] Entering the text Titp42017! 
2018-12-11 18:19:11,035 INFO  [Log] Click on Loginclicked 
2018-12-11 18:19:46,488 INFO  [Log] Click on Edit caseclicked 
2018-12-11 18:19:51,720 INFO  [Log] Opening Browser 
2018-12-11 18:20:15,259 INFO  [Log] Opening Browser 
2018-12-11 18:20:34,492 INFO  [Log] Entering the text 05050339 
2018-12-11 18:20:36,668 INFO  [Log] Entering the text Titp42017! 
2018-12-11 18:20:39,005 INFO  [Log] Click on Loginclicked 
2018-12-11 18:21:08,020 INFO  [Log] Opening Browser 
2018-12-11 18:21:19,366 INFO  [Log] Entering the text 05017764 
2018-12-11 18:21:21,633 INFO  [Log] Entering the text Titp42017! 
2018-12-11 18:21:23,991 INFO  [Log] Click on Loginclicked 
2018-12-11 18:22:03,932 INFO  [Log] Click on Edit caseclicked 
